[23:15:31] [ServerMain/INFO]: Environment: Environment[sessionHost=https://sessionserver.mojang.com, servicesHost=https://api.minecraftservices.com, name=PROD]
[23:15:32] [ServerMain/INFO]: No existing world data, creating new world
[23:15:33] [ServerMain/INFO]: Loaded 1407 recipes
[23:15:33] [ServerMain/INFO]: Loaded 1520 advancements
[23:15:33] [Server thread/INFO]: Starting minecraft server version 1.21.8
[23:15:33] [Server thread/INFO]: Loading properties
[23:15:33] [Server thread/INFO]: Default game type: SURVIVAL
[23:15:33] [Server thread/INFO]: Generating keypair
[23:15:33] [Server thread/INFO]: Starting Minecraft server on *:25565
[23:15:33] [Server thread/INFO]: Using epoll channel type
[23:15:33] [Server thread/WARN]: **** SERVER IS RUNNING IN OFFLINE/INSECURE MODE!
[23:15:33] [Server thread/WARN]: The server will make no attempt to authenticate usernames. Beware.
[23:15:33] [Server thread/WARN]: While this makes the game possible to play without internet access, it also opens up the ability for hackers to connect with any username they choose.
[23:15:33] [Server thread/WARN]: To change this, set "online-mode" to "true" in the server.properties file.
[23:15:33] [Server thread/INFO]: Preparing level "world"
[23:15:41] [Server thread/INFO]: Preparing start region for dimension minecraft:overworld
[23:15:41] [Worker-Main-2/INFO]: Preparing spawn area: 2%
[23:15:42] [Worker-Main-3/INFO]: Preparing spawn area: 2%
[23:15:42] [Worker-Main-3/INFO]: Preparing spawn area: 2%
[23:15:43] [Worker-Main-2/INFO]: Preparing spawn area: 2%
[23:15:43] [Worker-Main-1/INFO]: Preparing spawn area: 14%
[23:15:44] [Worker-Main-2/INFO]: Preparing spawn area: 18%
[23:15:44] [Worker-Main-3/INFO]: Preparing spawn area: 18%
[23:15:45] [Worker-Main-2/INFO]: Preparing spawn area: 51%
[23:15:45] [Worker-Main-3/INFO]: Preparing spawn area: 51%
[23:15:46] [Worker-Main-3/INFO]: Preparing spawn area: 51%
[23:15:46] [Worker-Main-3/INFO]: Preparing spawn area: 51%
[23:15:46] [Server thread/INFO]: Time elapsed: 5111 ms
[23:15:46] [Server thread/INFO]: Done (13.447s)! For help, type "help"
[23:16:46] [Server thread/INFO]: Server empty for 60 seconds, pausing
